# JRE version: OpenJDK Runtime Environment Temurin-17.0.10+7 (17.0.10+7) (build 17.0.10+7)
# Java VM: OpenJDK 64-Bit Server VM Temurin-17.0.10+7 (17.0.10+7, mixed mode, tiered, compressed oops, compressed class ptrs, parallel gc, windows-amd64)
GC Precious Log:
 CPUs: 8 total, 8 available
 Memory: 8048M
 Large Page Support: Disabled
 NUMA Support: Disabled
 Compressed Oops: Enabled (32-bit)
 Alignments: Space 512K, Generation 512K, Heap 2M
 Heap Min Capacity: 100M
 Heap Initial Capacity: 100M
 Heap Max Capacity: 1G
 Pre-touch: Disabled
 Parallel Workers: 8
Heap:
 PSYoungGen      total 25088K, used 22715K [0x00000000eab00000, 0x00000000ece80000, 0x0000000100000000)
  eden space 20992K, 88% used [0x00000000eab00000,0x00000000ebd2f1c8,0x00000000ebf80000)
  from space 4096K, 99% used [0x00000000ebf80000,0x00000000ec37fc38,0x00000000ec380000)
  to   space 7680K, 0% used [0x00000000ec700000,0x00000000ec700000,0x00000000ece80000)
 ParOldGen       total 68608K, used 49687K [0x00000000c0000000, 0x00000000c4300000, 0x00000000eab00000)
  object space 68608K, 72% used [0x00000000c0000000,0x00000000c3085f58,0x00000000c4300000)
 Metaspace       used 48504K, committed 49280K, reserved 1114112K
  class space    used 4920K, committed 5248K, reserved 1048576K
GC Heap History (20 events):
Event: 23.749 GC heap before
{Heap before GC invocations=26 (full 2):
 PSYoungGen      total 23552K, used 23136K [0x00000000eab00000, 0x00000000ec580000, 0x0000000100000000)
  eden space 20992K, 100% used [0x00000000eab00000,0x00000000ebf80000,0x00000000ebf80000)
  from space 2560K, 83% used [0x00000000ebf80000,0x00000000ec198010,0x00000000ec200000)
  to   space 3072K, 0% used [0x00000000ec280000,0x00000000ec280000,0x00000000ec580000)
 ParOldGen       total 68608K, used 34811K [0x00000000c0000000, 0x00000000c4300000, 0x00000000eab00000)
  object space 68608K, 50% used [0x00000000c0000000,0x00000000c21fec68,0x00000000c4300000)
 Metaspace       used 37813K, committed 38528K, reserved 1114112K
  class space    used 3814K, committed 4160K, reserved 1048576K
}
Event: 23.753 GC heap after
{Heap after GC invocations=26 (full 2):
 PSYoungGen      total 23040K, used 1920K [0x00000000eab00000, 0x00000000ec480000, 0x0000000100000000)
  eden space 20992K, 0% used [0x00000000eab00000,0x00000000eab00000,0x00000000ebf80000)
  from space 2048K, 93% used [0x00000000ec280000,0x00000000ec460000,0x00000000ec480000)
  to   space 2560K, 0% used [0x00000000ebf80000,0x00000000ebf80000,0x00000000ec200000)
 ParOldGen       total 68608K, used 36867K [0x00000000c0000000, 0x00000000c4300000, 0x00000000eab00000)
  object space 68608K, 53% used [0x00000000c0000000,0x00000000c2400c78,0x00000000c4300000)
 Metaspace       used 37813K, committed 38528K, reserved 1114112K
  class space    used 3814K, committed 4160K, reserved 1048576K
}
Event: 23.877 GC heap before
{Heap before GC invocations=27 (full 2):
 PSYoungGen      total 23040K, used 22912K [0x00000000eab00000, 0x00000000ec480000, 0x0000000100000000)
  eden space 20992K, 100% used [0x00000000eab00000,0x00000000ebf80000,0x00000000ebf80000)
  from space 2048K, 93% used [0x00000000ec280000,0x00000000ec460000,0x00000000ec480000)
  to   space 2560K, 0% used [0x00000000ebf80000,0x00000000ebf80000,0x00000000ec200000)
 ParOldGen       total 68608K, used 36867K [0x00000000c0000000, 0x00000000c4300000, 0x00000000eab00000)
  object space 68608K, 53% used [0x00000000c0000000,0x00000000c2400c78,0x00000000c4300000)
 Metaspace       used 37878K, committed 38592K, reserved 1114112K
  class space    used 3817K, committed 4160K, reserved 1048576K
}
Event: 23.881 GC heap after
{Heap after GC invocations=27 (full 2):
 PSYoungGen      total 23552K, used 2560K [0x00000000eab00000, 0x00000000eca80000, 0x0000000100000000)
  eden space 20992K, 0% used [0x00000000eab00000,0x00000000eab00000,0x00000000ebf80000)
  from space 2560K, 100% used [0x00000000ebf80000,0x00000000ec200000,0x00000000ec200000)
  to   space 5632K, 0% used [0x00000000ec500000,0x00000000ec500000,0x00000000eca80000)
 ParOldGen       total 68608K, used 39231K [0x00000000c0000000, 0x00000000c4300000, 0x00000000eab00000)
  object space 68608K, 57% used [0x00000000c0000000,0x00000000c264fc78,0x00000000c4300000)
 Metaspace       used 37878K, committed 38592K, reserved 1114112K
  class space    used 3817K, committed 4160K, reserved 1048576K
}
Event: 24.363 GC heap before
{Heap before GC invocations=28 (full 2):
 PSYoungGen      total 23552K, used 23551K [0x00000000eab00000, 0x00000000eca80000, 0x0000000100000000)
  eden space 20992K, 99% used [0x00000000eab00000,0x00000000ebf7ff48,0x00000000ebf80000)
  from space 2560K, 100% used [0x00000000ebf80000,0x00000000ec200000,0x00000000ec200000)
  to   space 5632K, 0% used [0x00000000ec500000,0x00000000ec500000,0x00000000eca80000)
 ParOldGen       total 68608K, used 39231K [0x00000000c0000000, 0x00000000c4300000, 0x00000000eab00000)
  object space 68608K, 57% used [0x00000000c0000000,0x00000000c264fc78,0x00000000c4300000)
 Metaspace       used 39997K, committed 40640K, reserved 1114112K
  class space    used 4084K, committed 4352K, reserved 1048576K
}
Event: 24.370 GC heap after
{Heap after GC invocations=28 (full 2):
 PSYoungGen      total 23040K, used 1945K [0x00000000eab00000, 0x00000000ec700000, 0x0000000100000000)
  eden space 20992K, 0% used [0x00000000eab00000,0x00000000eab00000,0x00000000ebf80000)
  from space 2048K, 95% used [0x00000000ec500000,0x00000000ec6e6700,0x00000000ec700000)
  to   space 3072K, 0% used [0x00000000ec100000,0x00000000ec100000,0x00000000ec400000)
 ParOldGen       total 68608K, used 41823K [0x00000000c0000000, 0x00000000c4300000, 0x00000000eab00000)
  object space 68608K, 60% used [0x00000000c0000000,0x00000000c28d7c78,0x00000000c4300000)
 Metaspace       used 39997K, committed 40640K, reserved 1114112K
  class space    used 4084K, committed 4352K, reserved 1048576K
}
Event: 25.133 GC heap before
{Heap before GC invocations=29 (full 2):
 PSYoungGen      total 23040K, used 22937K [0x00000000eab00000, 0x00000000ec700000, 0x0000000100000000)
  eden space 20992K, 100% used [0x00000000eab00000,0x00000000ebf80000,0x00000000ebf80000)
  from space 2048K, 95% used [0x00000000ec500000,0x00000000ec6e6700,0x00000000ec700000)
  to   space 3072K, 0% used [0x00000000ec100000,0x00000000ec100000,0x00000000ec400000)
 ParOldGen       total 68608K, used 41823K [0x00000000c0000000, 0x00000000c4300000, 0x00000000eab00000)
  object space 68608K, 60% used [0x00000000c0000000,0x00000000c28d7c78,0x00000000c4300000)
 Metaspace       used 41050K, committed 41792K, reserved 1114112K
  class space    used 4221K, committed 4544K, reserved 1048576K
}
Event: 25.137 GC heap after
{Heap after GC invocations=29 (full 2):
 PSYoungGen      total 24064K, used 480K [0x00000000eab00000, 0x00000000ec580000, 0x0000000100000000)
  eden space 20992K, 0% used [0x00000000eab00000,0x00000000eab00000,0x00000000ebf80000)
  from space 3072K, 15% used [0x00000000ec100000,0x00000000ec178020,0x00000000ec400000)
  to   space 1536K, 0% used [0x00000000ec400000,0x00000000ec400000,0x00000000ec580000)
 ParOldGen       total 68608K, used 43611K [0x00000000c0000000, 0x00000000c4300000, 0x00000000eab00000)
  object space 68608K, 63% used [0x00000000c0000000,0x00000000c2a96da8,0x00000000c4300000)
 Metaspace       used 41050K, committed 41792K, reserved 1114112K
  class space    used 4221K, committed 4544K, reserved 1048576K
}
Event: 26.297 GC heap before
{Heap before GC invocations=30 (full 2):
 PSYoungGen      total 24064K, used 21453K [0x00000000eab00000, 0x00000000ec580000, 0x0000000100000000)
  eden space 20992K, 99% used [0x00000000eab00000,0x00000000ebf7b490,0x00000000ebf80000)
  from space 3072K, 15% used [0x00000000ec100000,0x00000000ec178020,0x00000000ec400000)
  to   space 1536K, 0% used [0x00000000ec400000,0x00000000ec400000,0x00000000ec580000)
 ParOldGen       total 68608K, used 43611K [0x00000000c0000000, 0x00000000c4300000, 0x00000000eab00000)
  object space 68608K, 63% used [0x00000000c0000000,0x00000000c2a96da8,0x00000000c4300000)
 Metaspace       used 43515K, committed 44224K, reserved 1114112K
  class space    used 4422K, committed 4736K, reserved 1048576K
}
Event: 26.298 GC heap after
{Heap after GC invocations=30 (full 2):
 PSYoungGen      total 22016K, used 608K [0x00000000eab00000, 0x00000000ec500000, 0x0000000100000000)
  eden space 20992K, 0% used [0x00000000eab00000,0x00000000eab00000,0x00000000ebf80000)
  from space 1024K, 59% used [0x00000000ec400000,0x00000000ec498000,0x00000000ec500000)
  to   space 1024K, 0% used [0x00000000ec300000,0x00000000ec300000,0x00000000ec400000)
 ParOldGen       total 68608K, used 43923K [0x00000000c0000000, 0x00000000c4300000, 0x00000000eab00000)
  object space 68608K, 64% used [0x00000000c0000000,0x00000000c2ae4dc8,0x00000000c4300000)
 Metaspace       used 43515K, committed 44224K, reserved 1114112K
  class space    used 4422K, committed 4736K, reserved 1048576K
}
Event: 26.530 GC heap before
{Heap before GC invocations=31 (full 2):
 PSYoungGen      total 22016K, used 21600K [0x00000000eab00000, 0x00000000ec500000, 0x0000000100000000)
  eden space 20992K, 100% used [0x00000000eab00000,0x00000000ebf80000,0x00000000ebf80000)
  from space 1024K, 59% used [0x00000000ec400000,0x00000000ec498000,0x00000000ec500000)
  to   space 1024K, 0% used [0x00000000ec300000,0x00000000ec300000,0x00000000ec400000)
 ParOldGen       total 68608K, used 43923K [0x00000000c0000000, 0x00000000c4300000, 0x00000000eab00000)
  object space 68608K, 64% used [0x00000000c0000000,0x00000000c2ae4dc8,0x00000000c4300000)
 Metaspace       used 43793K, committed 44608K, reserved 1114112K
  class space    used 4438K, committed 4800K, reserved 1048576K
}
Event: 26.531 GC heap after
{Heap after GC invocations=31 (full 2):
 PSYoungGen      total 22016K, used 1017K [0x00000000eab00000, 0x00000000ec480000, 0x0000000100000000)
  eden space 20992K, 0% used [0x00000000eab00000,0x00000000eab00000,0x00000000ebf80000)
  from space 1024K, 99% used [0x00000000ec300000,0x00000000ec3fe6a0,0x00000000ec400000)
  to   space 512K, 0% used [0x00000000ec400000,0x00000000ec400000,0x00000000ec480000)
 ParOldGen       total 68608K, used 44432K [0x00000000c0000000, 0x00000000c4300000, 0x00000000eab00000)
  object space 68608K, 64% used [0x00000000c0000000,0x00000000c2b64050,0x00000000c4300000)
 Metaspace       used 43793K, committed 44608K, reserved 1114112K
  class space    used 4438K, committed 4800K, reserved 1048576K
}
Event: 26.779 GC heap before
{Heap before GC invocations=32 (full 2):
 PSYoungGen      total 22016K, used 22009K [0x00000000eab00000, 0x00000000ec480000, 0x0000000100000000)
  eden space 20992K, 100% used [0x00000000eab00000,0x00000000ebf80000,0x00000000ebf80000)
  from space 1024K, 99% used [0x00000000ec300000,0x00000000ec3fe6a0,0x00000000ec400000)
  to   space 512K, 0% used [0x00000000ec400000,0x00000000ec400000,0x00000000ec480000)
 ParOldGen       total 68608K, used 44432K [0x00000000c0000000, 0x00000000c4300000, 0x00000000eab00000)
  object space 68608K, 64% used [0x00000000c0000000,0x00000000c2b64050,0x00000000c4300000)
 Metaspace       used 44989K, committed 45760K, reserved 1114112K
  class space    used 4551K, committed 4864K, reserved 1048576K
}
Event: 26.780 GC heap after
{Heap after GC invocations=32 (full 2):
 PSYoungGen      total 21504K, used 448K [0x00000000eab00000, 0x00000000ec480000, 0x0000000100000000)
  eden space 20992K, 0% used [0x00000000eab00000,0x00000000eab00000,0x00000000ebf80000)
  from space 512K, 87% used [0x00000000ec400000,0x00000000ec470030,0x00000000ec480000)
  to   space 1024K, 0% used [0x00000000ec280000,0x00000000ec280000,0x00000000ec380000)
 ParOldGen       total 68608K, used 44552K [0x00000000c0000000, 0x00000000c4300000, 0x00000000eab00000)
  object space 68608K, 64% used [0x00000000c0000000,0x00000000c2b82050,0x00000000c4300000)
 Metaspace       used 44989K, committed 45760K, reserved 1114112K
  class space    used 4551K, committed 4864K, reserved 1048576K
}
Event: 37.815 GC heap before
{Heap before GC invocations=33 (full 2):
 PSYoungGen      total 21504K, used 21440K [0x00000000eab00000, 0x00000000ec480000, 0x0000000100000000)
  eden space 20992K, 100% used [0x00000000eab00000,0x00000000ebf80000,0x00000000ebf80000)
  from space 512K, 87% used [0x00000000ec400000,0x00000000ec470030,0x00000000ec480000)
  to   space 1024K, 0% used [0x00000000ec280000,0x00000000ec280000,0x00000000ec380000)
 ParOldGen       total 68608K, used 44552K [0x00000000c0000000, 0x00000000c4300000, 0x00000000eab00000)
  object space 68608K, 64% used [0x00000000c0000000,0x00000000c2b82050,0x00000000c4300000)
 Metaspace       used 47258K, committed 48128K, reserved 1114112K
  class space    used 4761K, committed 5120K, reserved 1048576K
}
Event: 37.817 GC heap after
{Heap after GC invocations=33 (full 2):
 PSYoungGen      total 22016K, used 793K [0x00000000eab00000, 0x00000000ec480000, 0x0000000100000000)
  eden space 20992K, 0% used [0x00000000eab00000,0x00000000eab00000,0x00000000ebf80000)
  from space 1024K, 77% used [0x00000000ec280000,0x00000000ec346490,0x00000000ec380000)
  to   space 1024K, 0% used [0x00000000ec380000,0x00000000ec380000,0x00000000ec480000)
 ParOldGen       total 68608K, used 44790K [0x00000000c0000000, 0x00000000c4300000, 0x00000000eab00000)
  object space 68608K, 65% used [0x00000000c0000000,0x00000000c2bbdab0,0x00000000c4300000)
 Metaspace       used 47258K, committed 48128K, reserved 1114112K
  class space    used 4761K, committed 5120K, reserved 1048576K
}
Event: 47.703 GC heap before
{Heap before GC invocations=34 (full 2):
 PSYoungGen      total 22016K, used 21785K [0x00000000eab00000, 0x00000000ec480000, 0x0000000100000000)
  eden space 20992K, 100% used [0x00000000eab00000,0x00000000ebf80000,0x00000000ebf80000)
  from space 1024K, 77% used [0x00000000ec280000,0x00000000ec346490,0x00000000ec380000)
  to   space 1024K, 0% used [0x00000000ec380000,0x00000000ec380000,0x00000000ec480000)
 ParOldGen       total 68608K, used 44790K [0x00000000c0000000, 0x00000000c4300000, 0x00000000eab00000)
  object space 68608K, 65% used [0x00000000c0000000,0x00000000c2bbdab0,0x00000000c4300000)
 Metaspace       used 48412K, committed 49216K, reserved 1114112K
  class space    used 4916K, committed 5248K, reserved 1048576K
}
Event: 47.713 GC heap after
{Heap after GC invocations=34 (full 2):
 PSYoungGen      total 22016K, used 996K [0x00000000eab00000, 0x00000000ec780000, 0x0000000100000000)
  eden space 20992K, 0% used [0x00000000eab00000,0x00000000eab00000,0x00000000ebf80000)
  from space 1024K, 97% used [0x00000000ec380000,0x00000000ec479008,0x00000000ec480000)
  to   space 4096K, 0% used [0x00000000ebf80000,0x00000000ebf80000,0x00000000ec380000)
 ParOldGen       total 68608K, used 47214K [0x00000000c0000000, 0x00000000c4300000, 0x00000000eab00000)
  object space 68608K, 68% used [0x00000000c0000000,0x00000000c2e1b898,0x00000000c4300000)
 Metaspace       used 48412K, committed 49216K, reserved 1114112K
  class space    used 4916K, committed 5248K, reserved 1048576K
}
Event: 49.052 GC heap before
{Heap before GC invocations=35 (full 2):
 PSYoungGen      total 22016K, used 21988K [0x00000000eab00000, 0x00000000ec780000, 0x0000000100000000)
  eden space 20992K, 100% used [0x00000000eab00000,0x00000000ebf80000,0x00000000ebf80000)
  from space 1024K, 97% used [0x00000000ec380000,0x00000000ec479008,0x00000000ec480000)
  to   space 4096K, 0% used [0x00000000ebf80000,0x00000000ebf80000,0x00000000ec380000)
 ParOldGen       total 68608K, used 47214K [0x00000000c0000000, 0x00000000c4300000, 0x00000000eab00000)
  object space 68608K, 68% used [0x00000000c0000000,0x00000000c2e1b898,0x00000000c4300000)
 Metaspace       used 48502K, committed 49280K, reserved 1114112K
  class space    used 4920K, committed 5248K, reserved 1048576K
}
Event: 49.064 GC heap after
{Heap after GC invocations=35 (full 2):
 PSYoungGen      total 25088K, used 4095K [0x00000000eab00000, 0x00000000ece80000, 0x0000000100000000)
  eden space 20992K, 0% used [0x00000000eab00000,0x00000000eab00000,0x00000000ebf80000)
  from space 4096K, 99% used [0x00000000ebf80000,0x00000000ec37fc38,0x00000000ec380000)
  to   space 7680K, 0% used [0x00000000ec700000,0x00000000ec700000,0x00000000ece80000)
 ParOldGen       total 68608K, used 49687K [0x00000000c0000000, 0x00000000c4300000, 0x00000000eab00000)
  object space 68608K, 72% used [0x00000000c0000000,0x00000000c3085f58,0x00000000c4300000)
 Metaspace       used 48502K, committed 49280K, reserved 1114112K
  class space    used 4920K, committed 5248K, reserved 1048576K
}

