# JRE version: OpenJDK Runtime Environment Temurin-17.0.10+7 (17.0.10+7) (build 17.0.10+7)
# Java VM: OpenJDK 64-Bit Server VM Temurin-17.0.10+7 (17.0.10+7, mixed mode, tiered, compressed oops, compressed class ptrs, parallel gc, windows-amd64)
GC Precious Log:
 CPUs: 8 total, 8 available
 Memory: 8048M
 Large Page Support: Disabled
 NUMA Support: Disabled
 Compressed Oops: Enabled (32-bit)
 Alignments: Space 512K, Generation 512K, Heap 2M
 Heap Min Capacity: 100M
 Heap Initial Capacity: 100M
 Heap Max Capacity: 1G
 Pre-touch: Disabled
 Parallel Workers: 8
Heap:
 PSYoungGen      total 17408K, used 8602K [0x00000000eab00000, 0x00000000ebf80000, 0x0000000100000000)
  eden space 13824K, 38% used [0x00000000eab00000,0x00000000eb03dbb0,0x00000000eb880000)
  from space 3584K, 90% used [0x00000000ebc00000,0x00000000ebf28d08,0x00000000ebf80000)
  to   space 3584K, 0% used [0x00000000eb880000,0x00000000eb880000,0x00000000ebc00000)
 ParOldGen       total 89600K, used 60745K [0x00000000c0000000, 0x00000000c5780000, 0x00000000eab00000)
  object space 89600K, 67% used [0x00000000c0000000,0x00000000c3b526d0,0x00000000c5780000)
 Metaspace       used 55642K, committed 56704K, reserved 1114112K
  class space    used 5904K, committed 6336K, reserved 1048576K
GC Heap History (20 events):
Event: 39.524 GC heap before
{Heap before GC invocations=35 (full 2):
 PSYoungGen      total 18432K, used 17811K [0x00000000eab00000, 0x00000000ebf80000, 0x0000000100000000)
  eden space 15872K, 100% used [0x00000000eab00000,0x00000000eba80000,0x00000000eba80000)
  from space 2560K, 75% used [0x00000000ebd00000,0x00000000ebee4d40,0x00000000ebf80000)
  to   space 2560K, 0% used [0x00000000eba80000,0x00000000eba80000,0x00000000ebd00000)
 ParOldGen       total 68608K, used 44301K [0x00000000c0000000, 0x00000000c4300000, 0x00000000eab00000)
  object space 68608K, 64% used [0x00000000c0000000,0x00000000c2b43788,0x00000000c4300000)
 Metaspace       used 55372K, committed 56448K, reserved 1114112K
  class space    used 5885K, committed 6336K, reserved 1048576K
}
Event: 39.531 GC heap after
{Heap after GC invocations=35 (full 2):
 PSYoungGen      total 18432K, used 2541K [0x00000000eab00000, 0x00000000ec480000, 0x0000000100000000)
  eden space 15872K, 0% used [0x00000000eab00000,0x00000000eab00000,0x00000000eba80000)
  from space 2560K, 99% used [0x00000000eba80000,0x00000000ebcfb520,0x00000000ebd00000)
  to   space 5120K, 0% used [0x00000000ebf80000,0x00000000ebf80000,0x00000000ec480000)
 ParOldGen       total 68608K, used 46084K [0x00000000c0000000, 0x00000000c4300000, 0x00000000eab00000)
  object space 68608K, 67% used [0x00000000c0000000,0x00000000c2d01178,0x00000000c4300000)
 Metaspace       used 55372K, committed 56448K, reserved 1114112K
  class space    used 5885K, committed 6336K, reserved 1048576K
}
Event: 40.038 GC heap before
{Heap before GC invocations=36 (full 2):
 PSYoungGen      total 18432K, used 18413K [0x00000000eab00000, 0x00000000ec480000, 0x0000000100000000)
  eden space 15872K, 100% used [0x00000000eab00000,0x00000000eba80000,0x00000000eba80000)
  from space 2560K, 99% used [0x00000000eba80000,0x00000000ebcfb520,0x00000000ebd00000)
  to   space 5120K, 0% used [0x00000000ebf80000,0x00000000ebf80000,0x00000000ec480000)
 ParOldGen       total 68608K, used 46084K [0x00000000c0000000, 0x00000000c4300000, 0x00000000eab00000)
  object space 68608K, 67% used [0x00000000c0000000,0x00000000c2d01178,0x00000000c4300000)
 Metaspace       used 55533K, committed 56512K, reserved 1114112K
  class space    used 5895K, committed 6336K, reserved 1048576K
}
Event: 40.043 GC heap after
{Heap after GC invocations=36 (full 2):
 PSYoungGen      total 18432K, used 2372K [0x00000000eab00000, 0x00000000ec200000, 0x0000000100000000)
  eden space 15872K, 0% used [0x00000000eab00000,0x00000000eab00000,0x00000000eba80000)
  from space 2560K, 92% used [0x00000000ebf80000,0x00000000ec1d1330,0x00000000ec200000)
  to   space 3584K, 0% used [0x00000000ebb00000,0x00000000ebb00000,0x00000000ebe80000)
 ParOldGen       total 68608K, used 48560K [0x00000000c0000000, 0x00000000c4300000, 0x00000000eab00000)
  object space 68608K, 70% used [0x00000000c0000000,0x00000000c2f6c310,0x00000000c4300000)
 Metaspace       used 55533K, committed 56512K, reserved 1114112K
  class space    used 5895K, committed 6336K, reserved 1048576K
}
Event: 40.307 GC heap before
{Heap before GC invocations=37 (full 2):
 PSYoungGen      total 18432K, used 18207K [0x00000000eab00000, 0x00000000ec200000, 0x0000000100000000)
  eden space 15872K, 99% used [0x00000000eab00000,0x00000000eba76b18,0x00000000eba80000)
  from space 2560K, 92% used [0x00000000ebf80000,0x00000000ec1d1330,0x00000000ec200000)
  to   space 3584K, 0% used [0x00000000ebb00000,0x00000000ebb00000,0x00000000ebe80000)
 ParOldGen       total 68608K, used 48560K [0x00000000c0000000, 0x00000000c4300000, 0x00000000eab00000)
  object space 68608K, 70% used [0x00000000c0000000,0x00000000c2f6c310,0x00000000c4300000)
 Metaspace       used 55568K, committed 56576K, reserved 1114112K
  class space    used 5895K, committed 6336K, reserved 1048576K
}
Event: 40.311 GC heap after
{Heap after GC invocations=37 (full 2):
 PSYoungGen      total 19456K, used 3578K [0x00000000eab00000, 0x00000000ec880000, 0x0000000100000000)
  eden space 15872K, 0% used [0x00000000eab00000,0x00000000eab00000,0x00000000eba80000)
  from space 3584K, 99% used [0x00000000ebb00000,0x00000000ebe7eb20,0x00000000ebe80000)
  to   space 7168K, 0% used [0x00000000ec180000,0x00000000ec180000,0x00000000ec880000)
 ParOldGen       total 68608K, used 51266K [0x00000000c0000000, 0x00000000c4300000, 0x00000000eab00000)
  object space 68608K, 74% used [0x00000000c0000000,0x00000000c3210810,0x00000000c4300000)
 Metaspace       used 55568K, committed 56576K, reserved 1114112K
  class space    used 5895K, committed 6336K, reserved 1048576K
}
Event: 40.491 GC heap before
{Heap before GC invocations=38 (full 2):
 PSYoungGen      total 19456K, used 19450K [0x00000000eab00000, 0x00000000ec880000, 0x0000000100000000)
  eden space 15872K, 100% used [0x00000000eab00000,0x00000000eba80000,0x00000000eba80000)
  from space 3584K, 99% used [0x00000000ebb00000,0x00000000ebe7eb20,0x00000000ebe80000)
  to   space 7168K, 0% used [0x00000000ec180000,0x00000000ec180000,0x00000000ec880000)
 ParOldGen       total 68608K, used 51266K [0x00000000c0000000, 0x00000000c4300000, 0x00000000eab00000)
  object space 68608K, 74% used [0x00000000c0000000,0x00000000c3210810,0x00000000c4300000)
 Metaspace       used 55633K, committed 56704K, reserved 1114112K
  class space    used 5904K, committed 6336K, reserved 1048576K
}
Event: 40.496 GC heap after
{Heap after GC invocations=38 (full 2):
 PSYoungGen      total 19968K, used 3666K [0x00000000eab00000, 0x00000000ec580000, 0x0000000100000000)
  eden space 15872K, 0% used [0x00000000eab00000,0x00000000eab00000,0x00000000eba80000)
  from space 4096K, 89% used [0x00000000ec180000,0x00000000ec514960,0x00000000ec580000)
  to   space 4608K, 0% used [0x00000000ebc80000,0x00000000ebc80000,0x00000000ec100000)
 ParOldGen       total 68608K, used 52860K [0x00000000c0000000, 0x00000000c4300000, 0x00000000eab00000)
  object space 68608K, 77% used [0x00000000c0000000,0x00000000c339f138,0x00000000c4300000)
 Metaspace       used 55633K, committed 56704K, reserved 1114112K
  class space    used 5904K, committed 6336K, reserved 1048576K
}
Event: 40.721 GC heap before
{Heap before GC invocations=39 (full 2):
 PSYoungGen      total 19968K, used 19538K [0x00000000eab00000, 0x00000000ec580000, 0x0000000100000000)
  eden space 15872K, 100% used [0x00000000eab00000,0x00000000eba80000,0x00000000eba80000)
  from space 4096K, 89% used [0x00000000ec180000,0x00000000ec514960,0x00000000ec580000)
  to   space 4608K, 0% used [0x00000000ebc80000,0x00000000ebc80000,0x00000000ec100000)
 ParOldGen       total 68608K, used 52860K [0x00000000c0000000, 0x00000000c4300000, 0x00000000eab00000)
  object space 68608K, 77% used [0x00000000c0000000,0x00000000c339f138,0x00000000c4300000)
 Metaspace       used 55633K, committed 56704K, reserved 1114112K
  class space    used 5904K, committed 6336K, reserved 1048576K
}
Event: 40.726 GC heap after
{Heap after GC invocations=39 (full 2):
 PSYoungGen      total 19968K, used 3600K [0x00000000eab00000, 0x00000000ec280000, 0x0000000100000000)
  eden space 15872K, 0% used [0x00000000eab00000,0x00000000eab00000,0x00000000eba80000)
  from space 4096K, 87% used [0x00000000ebc80000,0x00000000ec004398,0x00000000ec080000)
  to   space 2048K, 0% used [0x00000000ec080000,0x00000000ec080000,0x00000000ec280000)
 ParOldGen       total 68608K, used 56308K [0x00000000c0000000, 0x00000000c4300000, 0x00000000eab00000)
  object space 68608K, 82% used [0x00000000c0000000,0x00000000c36fd030,0x00000000c4300000)
 Metaspace       used 55633K, committed 56704K, reserved 1114112K
  class space    used 5904K, committed 6336K, reserved 1048576K
}
Event: 42.032 GC heap before
{Heap before GC invocations=40 (full 2):
 PSYoungGen      total 19968K, used 19472K [0x00000000eab00000, 0x00000000ec280000, 0x0000000100000000)
  eden space 15872K, 100% used [0x00000000eab00000,0x00000000eba80000,0x00000000eba80000)
  from space 4096K, 87% used [0x00000000ebc80000,0x00000000ec004398,0x00000000ec080000)
  to   space 2048K, 0% used [0x00000000ec080000,0x00000000ec080000,0x00000000ec280000)
 ParOldGen       total 68608K, used 56308K [0x00000000c0000000, 0x00000000c4300000, 0x00000000eab00000)
  object space 68608K, 82% used [0x00000000c0000000,0x00000000c36fd030,0x00000000c4300000)
 Metaspace       used 55635K, committed 56704K, reserved 1114112K
  class space    used 5904K, committed 6336K, reserved 1048576K
}
Event: 42.047 GC heap after
{Heap after GC invocations=40 (full 2):
 PSYoungGen      total 15872K, used 2042K [0x00000000eab00000, 0x00000000eca80000, 0x0000000100000000)
  eden space 13824K, 0% used [0x00000000eab00000,0x00000000eab00000,0x00000000eb880000)
  from space 2048K, 99% used [0x00000000ec080000,0x00000000ec27e9e8,0x00000000ec280000)
  to   space 8192K, 0% used [0x00000000eb880000,0x00000000eb880000,0x00000000ec080000)
 ParOldGen       total 68608K, used 61540K [0x00000000c0000000, 0x00000000c4300000, 0x00000000eab00000)
  object space 68608K, 89% used [0x00000000c0000000,0x00000000c3c19260,0x00000000c4300000)
 Metaspace       used 55635K, committed 56704K, reserved 1114112K
  class space    used 5904K, committed 6336K, reserved 1048576K
}
Event: 43.421 GC heap before
{Heap before GC invocations=41 (full 2):
 PSYoungGen      total 15872K, used 15866K [0x00000000eab00000, 0x00000000eca80000, 0x0000000100000000)
  eden space 13824K, 100% used [0x00000000eab00000,0x00000000eb880000,0x00000000eb880000)
  from space 2048K, 99% used [0x00000000ec080000,0x00000000ec27e9e8,0x00000000ec280000)
  to   space 8192K, 0% used [0x00000000eb880000,0x00000000eb880000,0x00000000ec080000)
 ParOldGen       total 68608K, used 61540K [0x00000000c0000000, 0x00000000c4300000, 0x00000000eab00000)
  object space 68608K, 89% used [0x00000000c0000000,0x00000000c3c19260,0x00000000c4300000)
 Metaspace       used 55636K, committed 56704K, reserved 1114112K
  class space    used 5904K, committed 6336K, reserved 1048576K
}
Event: 43.426 GC heap after
{Heap after GC invocations=41 (full 2):
 PSYoungGen      total 17408K, used 3323K [0x00000000eab00000, 0x00000000ec280000, 0x0000000100000000)
  eden space 13824K, 0% used [0x00000000eab00000,0x00000000eab00000,0x00000000eb880000)
  from space 3584K, 92% used [0x00000000eb880000,0x00000000ebbbece8,0x00000000ebc00000)
  to   space 5120K, 0% used [0x00000000ebd80000,0x00000000ebd80000,0x00000000ec280000)
 ParOldGen       total 68608K, used 63497K [0x00000000c0000000, 0x00000000c4300000, 0x00000000eab00000)
  object space 68608K, 92% used [0x00000000c0000000,0x00000000c3e02700,0x00000000c4300000)
 Metaspace       used 55636K, committed 56704K, reserved 1114112K
  class space    used 5904K, committed 6336K, reserved 1048576K
}
Event: 44.194 GC heap before
{Heap before GC invocations=42 (full 2):
 PSYoungGen      total 17408K, used 17147K [0x00000000eab00000, 0x00000000ec280000, 0x0000000100000000)
  eden space 13824K, 100% used [0x00000000eab00000,0x00000000eb880000,0x00000000eb880000)
  from space 3584K, 92% used [0x00000000eb880000,0x00000000ebbbece8,0x00000000ebc00000)
  to   space 5120K, 0% used [0x00000000ebd80000,0x00000000ebd80000,0x00000000ec280000)
 ParOldGen       total 68608K, used 63497K [0x00000000c0000000, 0x00000000c4300000, 0x00000000eab00000)
  object space 68608K, 92% used [0x00000000c0000000,0x00000000c3e02700,0x00000000c4300000)
 Metaspace       used 55642K, committed 56704K, reserved 1114112K
  class space    used 5904K, committed 6336K, reserved 1048576K
}
Event: 44.203 GC heap after
{Heap after GC invocations=42 (full 2):
 PSYoungGen      total 17408K, used 3256K [0x00000000eab00000, 0x00000000ec100000, 0x0000000100000000)
  eden space 13824K, 0% used [0x00000000eab00000,0x00000000eab00000,0x00000000eb880000)
  from space 3584K, 90% used [0x00000000ebd80000,0x00000000ec0ae300,0x00000000ec100000)
  to   space 3584K, 0% used [0x00000000eb880000,0x00000000eb880000,0x00000000ebc00000)
 ParOldGen       total 68608K, used 66568K [0x00000000c0000000, 0x00000000c4300000, 0x00000000eab00000)
  object space 68608K, 97% used [0x00000000c0000000,0x00000000c4102398,0x00000000c4300000)
 Metaspace       used 55642K, committed 56704K, reserved 1114112K
  class space    used 5904K, committed 6336K, reserved 1048576K
}
Event: 44.203 GC heap before
{Heap before GC invocations=43 (full 3):
 PSYoungGen      total 17408K, used 3256K [0x00000000eab00000, 0x00000000ec100000, 0x0000000100000000)
  eden space 13824K, 0% used [0x00000000eab00000,0x00000000eab00000,0x00000000eb880000)
  from space 3584K, 90% used [0x00000000ebd80000,0x00000000ec0ae300,0x00000000ec100000)
  to   space 3584K, 0% used [0x00000000eb880000,0x00000000eb880000,0x00000000ebc00000)
 ParOldGen       total 68608K, used 66568K [0x00000000c0000000, 0x00000000c4300000, 0x00000000eab00000)
  object space 68608K, 97% used [0x00000000c0000000,0x00000000c4102398,0x00000000c4300000)
 Metaspace       used 55642K, committed 56704K, reserved 1114112K
  class space    used 5904K, committed 6336K, reserved 1048576K
}
Event: 44.396 GC heap after
{Heap after GC invocations=43 (full 3):
 PSYoungGen      total 17408K, used 0K [0x00000000eab00000, 0x00000000ebf80000, 0x0000000100000000)
  eden space 13824K, 0% used [0x00000000eab00000,0x00000000eab00000,0x00000000eb880000)
  from space 3584K, 0% used [0x00000000eb880000,0x00000000eb880000,0x00000000ebc00000)
  to   space 3584K, 0% used [0x00000000ebc00000,0x00000000ebc00000,0x00000000ebf80000)
 ParOldGen       total 89600K, used 60745K [0x00000000c0000000, 0x00000000c5780000, 0x00000000eab00000)
  object space 89600K, 67% used [0x00000000c0000000,0x00000000c3b526d0,0x00000000c5780000)
 Metaspace       used 55642K, committed 56704K, reserved 1114112K
  class space    used 5904K, committed 6336K, reserved 1048576K
}
Event: 45.932 GC heap before
{Heap before GC invocations=44 (full 3):
 PSYoungGen      total 17408K, used 13824K [0x00000000eab00000, 0x00000000ebf80000, 0x0000000100000000)
  eden space 13824K, 100% used [0x00000000eab00000,0x00000000eb880000,0x00000000eb880000)
  from space 3584K, 0% used [0x00000000eb880000,0x00000000eb880000,0x00000000ebc00000)
  to   space 3584K, 0% used [0x00000000ebc00000,0x00000000ebc00000,0x00000000ebf80000)
 ParOldGen       total 89600K, used 60745K [0x00000000c0000000, 0x00000000c5780000, 0x00000000eab00000)
  object space 89600K, 67% used [0x00000000c0000000,0x00000000c3b526d0,0x00000000c5780000)
 Metaspace       used 55642K, committed 56704K, reserved 1114112K
  class space    used 5904K, committed 6336K, reserved 1048576K
}
Event: 45.937 GC heap after
{Heap after GC invocations=44 (full 3):
 PSYoungGen      total 17408K, used 3235K [0x00000000eab00000, 0x00000000ebf80000, 0x0000000100000000)
  eden space 13824K, 0% used [0x00000000eab00000,0x00000000eab00000,0x00000000eb880000)
  from space 3584K, 90% used [0x00000000ebc00000,0x00000000ebf28d08,0x00000000ebf80000)
  to   space 3584K, 0% used [0x00000000eb880000,0x00000000eb880000,0x00000000ebc00000)
 ParOldGen       total 89600K, used 60745K [0x00000000c0000000, 0x00000000c5780000, 0x00000000eab00000)
  object space 89600K, 67% used [0x00000000c0000000,0x00000000c3b526d0,0x00000000c5780000)
 Metaspace       used 55642K, committed 56704K, reserved 1114112K
  class space    used 5904K, committed 6336K, reserved 1048576K
}

